Compiling the C compiler identification source file "CMakeCCompilerId.c" failed.
Compiler: clang 
Build flags: 
Id flags: 

The output was:
No such file or directory


Compiling the C compiler identification source file "CMakeCCompilerId.c" failed.
Compiler: clang 
Build flags: 
Id flags: -c

The output was:
No such file or directory


Compiling the C compiler identification source file "CMakeCCompilerId.c" failed.
Compiler: clang 
Build flags: 
Id flags: -Aa

The output was:
No such file or directory


Checking whether the C compiler is IAR using "" did not match "IAR .+ Compiler":
Checking whether the ASM compiler is GNU using "--version" did not match "(GNU assembler)|(GCC)|(Free Software Foundation)":
Checking whether the ASM compiler is HP using "-V" did not match "HP C":
Checking whether the ASM compiler is Intel using "--version" did not match "(ICC)":
Checking whether the ASM compiler is SunPro using "-V" did not match "Sun C":
Checking whether the ASM compiler is XL using "-qversion" did not match "XL C":
Checking whether the ASM compiler is MSVC using "/?" did not match "Microsoft":
Checking whether the ASM compiler is TI using "-h" did not match "Texas Instruments":
Checking whether the ASM compiler is GNU using "--version" did not match "(GNU assembler)|(GCC)|(Free Software Foundation)":
Checking whether the ASM compiler is IAR using "" did not match "IAR Assembler":
Checking whether the ASM compiler is ARMCC using "" did not match "(ARM Compiler)|(ARM Assembler)":
Compiling the C compiler identification source file "CMakeCCompilerId.c" failed.
Compiler: clang 
Build flags: 
Id flags: 

The output was:
No such file or directory


Compiling the C compiler identification source file "CMakeCCompilerId.c" failed.
Compiler: clang 
Build flags: 
Id flags: -c

The output was:
No such file or directory


Compiling the C compiler identification source file "CMakeCCompilerId.c" failed.
Compiler: clang 
Build flags: 
Id flags: -Aa

The output was:
No such file or directory


Checking whether the C compiler is IAR using "" did not match "IAR .+ Compiler":
Checking whether the ASM compiler is GNU using "--version" did not match "(GNU assembler)|(GCC)|(Free Software Foundation)":
Checking whether the ASM compiler is HP using "-V" did not match "HP C":
Checking whether the ASM compiler is Intel using "--version" did not match "(ICC)":
Checking whether the ASM compiler is SunPro using "-V" did not match "Sun C":
Checking whether the ASM compiler is XL using "-qversion" did not match "XL C":
Checking whether the ASM compiler is MSVC using "/?" did not match "Microsoft":
Checking whether the ASM compiler is TI using "-h" did not match "Texas Instruments":
Checking whether the ASM compiler is GNU using "--version" did not match "(GNU assembler)|(GCC)|(Free Software Foundation)":
Checking whether the ASM compiler is IAR using "" did not match "IAR Assembler":
Checking whether the ASM compiler is ARMCC using "" did not match "(ARM Compiler)|(ARM Assembler)":
Checking whether the ASM compiler is GNU using "--version" did not match "(GNU assembler)|(GCC)|(Free Software Foundation)":
clang version 6.0.1-svn334776-1~exp1~20190309042730.123 (branches/release_60)
Target: x86_64-pc-linux-gnu
Thread model: posix
InstalledDir: /usr/bin
Checking whether the ASM compiler is HP using "-V" did not match "HP C":
clang: error: argument to '-V' is missing (expected 1 value)
clang: error: no input files
Checking whether the ASM compiler is Intel using "--version" did not match "(ICC)":
clang version 6.0.1-svn334776-1~exp1~20190309042730.123 (branches/release_60)
Target: x86_64-pc-linux-gnu
Thread model: posix
InstalledDir: /usr/bin
Checking whether the ASM compiler is SunPro using "-V" did not match "Sun C":
clang: error: argument to '-V' is missing (expected 1 value)
clang: error: no input files
Checking whether the ASM compiler is XL using "-qversion" did not match "XL C":
clang: error: unknown argument: '-qversion'
clang: error: no input files
Checking whether the ASM compiler is MSVC using "/?" did not match "Microsoft":
clang: error: no such file or directory: '/?'
clang: error: no input files
Checking whether the ASM compiler is TI using "-h" did not match "Texas Instruments":
clang: error: unknown argument: '-h'
clang: error: no input files
Checking whether the ASM compiler is GNU using "--version" did not match "(GNU assembler)|(GCC)|(Free Software Foundation)":
clang version 6.0.1-svn334776-1~exp1~20190309042730.123 (branches/release_60)
Target: x86_64-pc-linux-gnu
Thread model: posix
InstalledDir: /usr/bin
Checking whether the ASM compiler is IAR using "" did not match "IAR Assembler":
clang: error: no input files
Checking whether the ASM compiler is ARMCC using "" did not match "(ARM Compiler)|(ARM Assembler)":
clang: error: no input files
