Performing C SOURCE FILE Test HAS_NO9099 failed with the following output:
Change Dir: /home/vignesh/Desktop/Lookahead_Testing/syscall_intercept/build/CMakeFiles/CMakeTmp

Run Build Command:"/usr/bin/make" "cmTC_9eccf/fast"
/usr/bin/make -f CMakeFiles/cmTC_9eccf.dir/build.make CMakeFiles/cmTC_9eccf.dir/build
make[1]: Entering directory '/home/vignesh/Desktop/Lookahead_Testing/syscall_intercept/build/CMakeFiles/CMakeTmp'
Building C object CMakeFiles/cmTC_9eccf.dir/src.c.o
/usr/bin/clang    -DHAS_NO9099   -Wno-c90-c99-compat -o CMakeFiles/cmTC_9eccf.dir/src.c.o   -c /home/vignesh/Desktop/Lookahead_Testing/syscall_intercept/build/CMakeFiles/CMakeTmp/src.c
warning: unknown warning option '-Wno-c90-c99-compat'; did you mean '-Wno-c99-compat'? [-Wunknown-warning-option]
1 warning generated.
Linking C executable cmTC_9eccf
/usr/bin/cmake -E cmake_link_script CMakeFiles/cmTC_9eccf.dir/link.txt --verbose=1
/usr/bin/clang   -DHAS_NO9099    CMakeFiles/cmTC_9eccf.dir/src.c.o  -o cmTC_9eccf -rdynamic 
make[1]: Leaving directory '/home/vignesh/Desktop/Lookahead_Testing/syscall_intercept/build/CMakeFiles/CMakeTmp'

Source file was:
int main(void) { return 0; }
Determining if the pthread_create exist failed with the following output:
Change Dir: /home/vignesh/Desktop/Lookahead_Testing/syscall_intercept/build/CMakeFiles/CMakeTmp

Run Build Command:"/usr/bin/make" "cmTC_71423/fast"
/usr/bin/make -f CMakeFiles/cmTC_71423.dir/build.make CMakeFiles/cmTC_71423.dir/build
make[1]: Entering directory '/home/vignesh/Desktop/Lookahead_Testing/syscall_intercept/build/CMakeFiles/CMakeTmp'
Building C object CMakeFiles/cmTC_71423.dir/CheckSymbolExists.c.o
/usr/bin/clang    -Werror -Wall -Wextra -pedantic -Wno-missing-field-initializers  -fPIE   -o CMakeFiles/cmTC_71423.dir/CheckSymbolExists.c.o   -c /home/vignesh/Desktop/Lookahead_Testing/syscall_intercept/build/CMakeFiles/CMakeTmp/CheckSymbolExists.c
Linking C executable cmTC_71423
/usr/bin/cmake -E cmake_link_script CMakeFiles/cmTC_71423.dir/link.txt --verbose=1
/usr/bin/clang   -Werror -Wall -Wextra -pedantic -Wno-missing-field-initializers     CMakeFiles/cmTC_71423.dir/CheckSymbolExists.c.o  -o cmTC_71423 -rdynamic 
CMakeFiles/cmTC_71423.dir/CheckSymbolExists.c.o: In function `main':
CheckSymbolExists.c:(.text+0x7): undefined reference to `pthread_create'
clang: error: linker command failed with exit code 1 (use -v to see invocation)
CMakeFiles/cmTC_71423.dir/build.make:97: recipe for target 'cmTC_71423' failed
make[1]: *** [cmTC_71423] Error 1
make[1]: Leaving directory '/home/vignesh/Desktop/Lookahead_Testing/syscall_intercept/build/CMakeFiles/CMakeTmp'
Makefile:126: recipe for target 'cmTC_71423/fast' failed
make: *** [cmTC_71423/fast] Error 2

File /home/vignesh/Desktop/Lookahead_Testing/syscall_intercept/build/CMakeFiles/CMakeTmp/CheckSymbolExists.c:
/* */
#include <pthread.h>

int main(int argc, char** argv)
{
  (void)argv;
#ifndef pthread_create
  return ((int*)(&pthread_create))[argc];
#else
  (void)argc;
  return 0;
#endif
}

Determining if the function pthread_create exists in the pthreads failed with the following output:
Change Dir: /home/vignesh/Desktop/Lookahead_Testing/syscall_intercept/build/CMakeFiles/CMakeTmp

Run Build Command:"/usr/bin/make" "cmTC_c80a5/fast"
/usr/bin/make -f CMakeFiles/cmTC_c80a5.dir/build.make CMakeFiles/cmTC_c80a5.dir/build
make[1]: Entering directory '/home/vignesh/Desktop/Lookahead_Testing/syscall_intercept/build/CMakeFiles/CMakeTmp'
Building C object CMakeFiles/cmTC_c80a5.dir/CheckFunctionExists.c.o
/usr/bin/clang    -Werror -Wall -Wextra -pedantic -Wno-missing-field-initializers -DCHECK_FUNCTION_EXISTS=pthread_create -fPIE   -o CMakeFiles/cmTC_c80a5.dir/CheckFunctionExists.c.o   -c /usr/share/cmake-3.5/Modules/CheckFunctionExists.c
Linking C executable cmTC_c80a5
/usr/bin/cmake -E cmake_link_script CMakeFiles/cmTC_c80a5.dir/link.txt --verbose=1
/usr/bin/clang   -Werror -Wall -Wextra -pedantic -Wno-missing-field-initializers -DCHECK_FUNCTION_EXISTS=pthread_create    CMakeFiles/cmTC_c80a5.dir/CheckFunctionExists.c.o  -o cmTC_c80a5 -rdynamic -lpthreads 
/usr/bin/ld: cannot find -lpthreads
clang: error: linker command failed with exit code 1 (use -v to see invocation)
CMakeFiles/cmTC_c80a5.dir/build.make:97: recipe for target 'cmTC_c80a5' failed
make[1]: *** [cmTC_c80a5] Error 1
make[1]: Leaving directory '/home/vignesh/Desktop/Lookahead_Testing/syscall_intercept/build/CMakeFiles/CMakeTmp'
Makefile:126: recipe for target 'cmTC_c80a5/fast' failed
make: *** [cmTC_c80a5/fast] Error 2


