The system is: Linux - 4.4.0-112-generic - x86_64
Compiling the C compiler identification source file "CMakeCCompilerId.c" succeeded.
Compiler: /usr/bin/clang 
Build flags: 
Id flags: 

The output was:
0


Compilation of the C compiler identification source "CMakeCCompilerId.c" produced "a.out"

The C compiler identification is Clang, found in "/home/vignesh/Desktop/Lookahead_Testing/syscall_intercept/build/CMakeFiles/3.5.1/CompilerIdC/a.out"

Compiling the CXX compiler identification source file "CMakeCXXCompilerId.cpp" succeeded.
Compiler: /usr/bin/c++ 
Build flags: 
Id flags: 

The output was:
0


Compilation of the CXX compiler identification source "CMakeCXXCompilerId.cpp" produced "a.out"

The CXX compiler identification is GNU, found in "/home/vignesh/Desktop/Lookahead_Testing/syscall_intercept/build/CMakeFiles/3.5.1/CompilerIdCXX/a.out"

Determining if the C compiler works passed with the following output:
Change Dir: /home/vignesh/Desktop/Lookahead_Testing/syscall_intercept/build/CMakeFiles/CMakeTmp

Run Build Command:"/usr/bin/make" "cmTC_61ecb/fast"
/usr/bin/make -f CMakeFiles/cmTC_61ecb.dir/build.make CMakeFiles/cmTC_61ecb.dir/build
make[1]: Entering directory '/home/vignesh/Desktop/Lookahead_Testing/syscall_intercept/build/CMakeFiles/CMakeTmp'
Building C object CMakeFiles/cmTC_61ecb.dir/testCCompiler.c.o
/usr/bin/clang     -o CMakeFiles/cmTC_61ecb.dir/testCCompiler.c.o   -c /home/vignesh/Desktop/Lookahead_Testing/syscall_intercept/build/CMakeFiles/CMakeTmp/testCCompiler.c
Linking C executable cmTC_61ecb
/usr/bin/cmake -E cmake_link_script CMakeFiles/cmTC_61ecb.dir/link.txt --verbose=1
/usr/bin/clang       CMakeFiles/cmTC_61ecb.dir/testCCompiler.c.o  -o cmTC_61ecb -rdynamic 
make[1]: Leaving directory '/home/vignesh/Desktop/Lookahead_Testing/syscall_intercept/build/CMakeFiles/CMakeTmp'


Detecting C compiler ABI info compiled with the following output:
Change Dir: /home/vignesh/Desktop/Lookahead_Testing/syscall_intercept/build/CMakeFiles/CMakeTmp

Run Build Command:"/usr/bin/make" "cmTC_eaab2/fast"
/usr/bin/make -f CMakeFiles/cmTC_eaab2.dir/build.make CMakeFiles/cmTC_eaab2.dir/build
make[1]: Entering directory '/home/vignesh/Desktop/Lookahead_Testing/syscall_intercept/build/CMakeFiles/CMakeTmp'
Building C object CMakeFiles/cmTC_eaab2.dir/CMakeCCompilerABI.c.o
/usr/bin/clang     -o CMakeFiles/cmTC_eaab2.dir/CMakeCCompilerABI.c.o   -c /usr/share/cmake-3.5/Modules/CMakeCCompilerABI.c
Linking C executable cmTC_eaab2
/usr/bin/cmake -E cmake_link_script CMakeFiles/cmTC_eaab2.dir/link.txt --verbose=1
/usr/bin/clang      -v CMakeFiles/cmTC_eaab2.dir/CMakeCCompilerABI.c.o  -o cmTC_eaab2 -rdynamic  
clang version 6.0.1-svn334776-1~exp1~20190309042730.123 (branches/release_60)
Target: x86_64-pc-linux-gnu
Thread model: posix
InstalledDir: /usr/bin
Found candidate GCC installation: /usr/bin/../lib/gcc/x86_64-linux-gnu/5
Found candidate GCC installation: /usr/bin/../lib/gcc/x86_64-linux-gnu/5.5.0
Found candidate GCC installation: /usr/bin/../lib/gcc/x86_64-linux-gnu/6
Found candidate GCC installation: /usr/bin/../lib/gcc/x86_64-linux-gnu/6.5.0
Found candidate GCC installation: /usr/bin/../lib/gcc/x86_64-linux-gnu/7
Found candidate GCC installation: /usr/bin/../lib/gcc/x86_64-linux-gnu/7.4.0
Found candidate GCC installation: /usr/bin/../lib/gcc/x86_64-linux-gnu/8
Found candidate GCC installation: /usr/bin/../lib/gcc/x86_64-linux-gnu/9
Found candidate GCC installation: /usr/lib/gcc/x86_64-linux-gnu/5
Found candidate GCC installation: /usr/lib/gcc/x86_64-linux-gnu/5.5.0
Found candidate GCC installation: /usr/lib/gcc/x86_64-linux-gnu/6
Found candidate GCC installation: /usr/lib/gcc/x86_64-linux-gnu/6.5.0
Found candidate GCC installation: /usr/lib/gcc/x86_64-linux-gnu/7
Found candidate GCC installation: /usr/lib/gcc/x86_64-linux-gnu/7.4.0
Found candidate GCC installation: /usr/lib/gcc/x86_64-linux-gnu/8
Found candidate GCC installation: /usr/lib/gcc/x86_64-linux-gnu/9
Selected GCC installation: /usr/bin/../lib/gcc/x86_64-linux-gnu/6.5.0
Candidate multilib: .;@m64
Selected multilib: .;@m64
Found CUDA installation: /usr/local/cuda, version 8.0
 "/usr/bin/ld" -export-dynamic -z relro --hash-style=gnu --eh-frame-hdr -m elf_x86_64 -export-dynamic -dynamic-linker /lib64/ld-linux-x86-64.so.2 -o cmTC_eaab2 /usr/bin/../lib/gcc/x86_64-linux-gnu/6.5.0/../../../x86_64-linux-gnu/crt1.o /usr/bin/../lib/gcc/x86_64-linux-gnu/6.5.0/../../../x86_64-linux-gnu/crti.o /usr/bin/../lib/gcc/x86_64-linux-gnu/6.5.0/crtbegin.o -L/usr/bin/../lib/gcc/x86_64-linux-gnu/6.5.0 -L/usr/bin/../lib/gcc/x86_64-linux-gnu/6.5.0/../../../x86_64-linux-gnu -L/lib/x86_64-linux-gnu -L/lib/../lib64 -L/usr/lib/x86_64-linux-gnu -L/usr/bin/../lib/gcc/x86_64-linux-gnu/6.5.0/../../.. -L/usr/lib/llvm-6.0/bin/../lib -L/lib -L/usr/lib CMakeFiles/cmTC_eaab2.dir/CMakeCCompilerABI.c.o -lgcc --as-needed -lgcc_s --no-as-needed -lc -lgcc --as-needed -lgcc_s --no-as-needed /usr/bin/../lib/gcc/x86_64-linux-gnu/6.5.0/crtend.o /usr/bin/../lib/gcc/x86_64-linux-gnu/6.5.0/../../../x86_64-linux-gnu/crtn.o
make[1]: Leaving directory '/home/vignesh/Desktop/Lookahead_Testing/syscall_intercept/build/CMakeFiles/CMakeTmp'


Parsed C implicit link information from above output:
  link line regex: [^( *|.*[/\])(ld|([^/\]+-)?ld|collect2)[^/\]*( |$)]
  ignore line: [Change Dir: /home/vignesh/Desktop/Lookahead_Testing/syscall_intercept/build/CMakeFiles/CMakeTmp]
  ignore line: []
  ignore line: [Run Build Command:"/usr/bin/make" "cmTC_eaab2/fast"]
  ignore line: [/usr/bin/make -f CMakeFiles/cmTC_eaab2.dir/build.make CMakeFiles/cmTC_eaab2.dir/build]
  ignore line: [make[1]: Entering directory '/home/vignesh/Desktop/Lookahead_Testing/syscall_intercept/build/CMakeFiles/CMakeTmp']
  ignore line: [Building C object CMakeFiles/cmTC_eaab2.dir/CMakeCCompilerABI.c.o]
  ignore line: [/usr/bin/clang     -o CMakeFiles/cmTC_eaab2.dir/CMakeCCompilerABI.c.o   -c /usr/share/cmake-3.5/Modules/CMakeCCompilerABI.c]
  ignore line: [Linking C executable cmTC_eaab2]
  ignore line: [/usr/bin/cmake -E cmake_link_script CMakeFiles/cmTC_eaab2.dir/link.txt --verbose=1]
  ignore line: [/usr/bin/clang      -v CMakeFiles/cmTC_eaab2.dir/CMakeCCompilerABI.c.o  -o cmTC_eaab2 -rdynamic  ]
  ignore line: [clang version 6.0.1-svn334776-1~exp1~20190309042730.123 (branches/release_60)]
  ignore line: [Target: x86_64-pc-linux-gnu]
  ignore line: [Thread model: posix]
  ignore line: [InstalledDir: /usr/bin]
  ignore line: [Found candidate GCC installation: /usr/bin/../lib/gcc/x86_64-linux-gnu/5]
  ignore line: [Found candidate GCC installation: /usr/bin/../lib/gcc/x86_64-linux-gnu/5.5.0]
  ignore line: [Found candidate GCC installation: /usr/bin/../lib/gcc/x86_64-linux-gnu/6]
  ignore line: [Found candidate GCC installation: /usr/bin/../lib/gcc/x86_64-linux-gnu/6.5.0]
  ignore line: [Found candidate GCC installation: /usr/bin/../lib/gcc/x86_64-linux-gnu/7]
  ignore line: [Found candidate GCC installation: /usr/bin/../lib/gcc/x86_64-linux-gnu/7.4.0]
  ignore line: [Found candidate GCC installation: /usr/bin/../lib/gcc/x86_64-linux-gnu/8]
  ignore line: [Found candidate GCC installation: /usr/bin/../lib/gcc/x86_64-linux-gnu/9]
  ignore line: [Found candidate GCC installation: /usr/lib/gcc/x86_64-linux-gnu/5]
  ignore line: [Found candidate GCC installation: /usr/lib/gcc/x86_64-linux-gnu/5.5.0]
  ignore line: [Found candidate GCC installation: /usr/lib/gcc/x86_64-linux-gnu/6]
  ignore line: [Found candidate GCC installation: /usr/lib/gcc/x86_64-linux-gnu/6.5.0]
  ignore line: [Found candidate GCC installation: /usr/lib/gcc/x86_64-linux-gnu/7]
  ignore line: [Found candidate GCC installation: /usr/lib/gcc/x86_64-linux-gnu/7.4.0]
  ignore line: [Found candidate GCC installation: /usr/lib/gcc/x86_64-linux-gnu/8]
  ignore line: [Found candidate GCC installation: /usr/lib/gcc/x86_64-linux-gnu/9]
  ignore line: [Selected GCC installation: /usr/bin/../lib/gcc/x86_64-linux-gnu/6.5.0]
  ignore line: [Candidate multilib: .]
  ignore line: [@m64]
  ignore line: [Selected multilib: .]
  ignore line: [@m64]
  ignore line: [Found CUDA installation: /usr/local/cuda, version 8.0]
  link line: [ "/usr/bin/ld" -export-dynamic -z relro --hash-style=gnu --eh-frame-hdr -m elf_x86_64 -export-dynamic -dynamic-linker /lib64/ld-linux-x86-64.so.2 -o cmTC_eaab2 /usr/bin/../lib/gcc/x86_64-linux-gnu/6.5.0/../../../x86_64-linux-gnu/crt1.o /usr/bin/../lib/gcc/x86_64-linux-gnu/6.5.0/../../../x86_64-linux-gnu/crti.o /usr/bin/../lib/gcc/x86_64-linux-gnu/6.5.0/crtbegin.o -L/usr/bin/../lib/gcc/x86_64-linux-gnu/6.5.0 -L/usr/bin/../lib/gcc/x86_64-linux-gnu/6.5.0/../../../x86_64-linux-gnu -L/lib/x86_64-linux-gnu -L/lib/../lib64 -L/usr/lib/x86_64-linux-gnu -L/usr/bin/../lib/gcc/x86_64-linux-gnu/6.5.0/../../.. -L/usr/lib/llvm-6.0/bin/../lib -L/lib -L/usr/lib CMakeFiles/cmTC_eaab2.dir/CMakeCCompilerABI.c.o -lgcc --as-needed -lgcc_s --no-as-needed -lc -lgcc --as-needed -lgcc_s --no-as-needed /usr/bin/../lib/gcc/x86_64-linux-gnu/6.5.0/crtend.o /usr/bin/../lib/gcc/x86_64-linux-gnu/6.5.0/../../../x86_64-linux-gnu/crtn.o]
    arg [/usr/bin/ld] ==> ignore
    arg [-export-dynamic] ==> ignore
    arg [-zrelro] ==> ignore
    arg [--hash-style=gnu] ==> ignore
    arg [--eh-frame-hdr] ==> ignore
    arg [-m] ==> ignore
    arg [elf_x86_64] ==> ignore
    arg [-export-dynamic] ==> ignore
    arg [-dynamic-linker] ==> ignore
    arg [/lib64/ld-linux-x86-64.so.2] ==> ignore
    arg [-o] ==> ignore
    arg [cmTC_eaab2] ==> ignore
    arg [/usr/bin/../lib/gcc/x86_64-linux-gnu/6.5.0/../../../x86_64-linux-gnu/crt1.o] ==> ignore
    arg [/usr/bin/../lib/gcc/x86_64-linux-gnu/6.5.0/../../../x86_64-linux-gnu/crti.o] ==> ignore
    arg [/usr/bin/../lib/gcc/x86_64-linux-gnu/6.5.0/crtbegin.o] ==> ignore
    arg [-L/usr/bin/../lib/gcc/x86_64-linux-gnu/6.5.0] ==> dir [/usr/bin/../lib/gcc/x86_64-linux-gnu/6.5.0]
    arg [-L/usr/bin/../lib/gcc/x86_64-linux-gnu/6.5.0/../../../x86_64-linux-gnu] ==> dir [/usr/bin/../lib/gcc/x86_64-linux-gnu/6.5.0/../../../x86_64-linux-gnu]
    arg [-L/lib/x86_64-linux-gnu] ==> dir [/lib/x86_64-linux-gnu]
    arg [-L/lib/../lib64] ==> dir [/lib/../lib64]
    arg [-L/usr/lib/x86_64-linux-gnu] ==> dir [/usr/lib/x86_64-linux-gnu]
    arg [-L/usr/bin/../lib/gcc/x86_64-linux-gnu/6.5.0/../../..] ==> dir [/usr/bin/../lib/gcc/x86_64-linux-gnu/6.5.0/../../..]
    arg [-L/usr/lib/llvm-6.0/bin/../lib] ==> dir [/usr/lib/llvm-6.0/bin/../lib]
    arg [-L/lib] ==> dir [/lib]
    arg [-L/usr/lib] ==> dir [/usr/lib]
    arg [CMakeFiles/cmTC_eaab2.dir/CMakeCCompilerABI.c.o] ==> ignore
    arg [-lgcc] ==> lib [gcc]
    arg [--as-needed] ==> ignore
    arg [-lgcc_s] ==> lib [gcc_s]
    arg [--no-as-needed] ==> ignore
    arg [-lc] ==> lib [c]
    arg [-lgcc] ==> lib [gcc]
    arg [--as-needed] ==> ignore
    arg [-lgcc_s] ==> lib [gcc_s]
    arg [--no-as-needed] ==> ignore
    arg [/usr/bin/../lib/gcc/x86_64-linux-gnu/6.5.0/crtend.o] ==> ignore
    arg [/usr/bin/../lib/gcc/x86_64-linux-gnu/6.5.0/../../../x86_64-linux-gnu/crtn.o] ==> ignore
  remove lib [gcc]
  remove lib [gcc_s]
  remove lib [gcc]
  remove lib [gcc_s]
  collapse library dir [/usr/bin/../lib/gcc/x86_64-linux-gnu/6.5.0] ==> [/usr/lib/gcc/x86_64-linux-gnu/6.5.0]
  collapse library dir [/usr/bin/../lib/gcc/x86_64-linux-gnu/6.5.0/../../../x86_64-linux-gnu] ==> [/usr/lib/x86_64-linux-gnu]
  collapse library dir [/lib/x86_64-linux-gnu] ==> [/lib/x86_64-linux-gnu]
  collapse library dir [/lib/../lib64] ==> [/lib64]
  collapse library dir [/usr/lib/x86_64-linux-gnu] ==> [/usr/lib/x86_64-linux-gnu]
  collapse library dir [/usr/bin/../lib/gcc/x86_64-linux-gnu/6.5.0/../../..] ==> [/usr/lib]
  collapse library dir [/usr/lib/llvm-6.0/bin/../lib] ==> [/usr/lib/llvm-6.0/lib]
  collapse library dir [/lib] ==> [/lib]
  collapse library dir [/usr/lib] ==> [/usr/lib]
  implicit libs: [c]
  implicit dirs: [/usr/lib/gcc/x86_64-linux-gnu/6.5.0;/usr/lib/x86_64-linux-gnu;/lib/x86_64-linux-gnu;/lib64;/usr/lib;/usr/lib/llvm-6.0/lib;/lib]
  implicit fwks: []




Detecting C [-std=c11] compiler features compiled with the following output:
Change Dir: /home/vignesh/Desktop/Lookahead_Testing/syscall_intercept/build/CMakeFiles/CMakeTmp

Run Build Command:"/usr/bin/make" "cmTC_b8f12/fast"
/usr/bin/make -f CMakeFiles/cmTC_b8f12.dir/build.make CMakeFiles/cmTC_b8f12.dir/build
make[1]: Entering directory '/home/vignesh/Desktop/Lookahead_Testing/syscall_intercept/build/CMakeFiles/CMakeTmp'
Building C object CMakeFiles/cmTC_b8f12.dir/feature_tests.c.o
/usr/bin/clang    -std=c11 -o CMakeFiles/cmTC_b8f12.dir/feature_tests.c.o   -c /home/vignesh/Desktop/Lookahead_Testing/syscall_intercept/build/CMakeFiles/feature_tests.c
Linking C executable cmTC_b8f12
/usr/bin/cmake -E cmake_link_script CMakeFiles/cmTC_b8f12.dir/link.txt --verbose=1
/usr/bin/clang       CMakeFiles/cmTC_b8f12.dir/feature_tests.c.o  -o cmTC_b8f12 -rdynamic 
make[1]: Leaving directory '/home/vignesh/Desktop/Lookahead_Testing/syscall_intercept/build/CMakeFiles/CMakeTmp'


    Feature record: C_FEATURE:1c_function_prototypes
    Feature record: C_FEATURE:1c_restrict
    Feature record: C_FEATURE:1c_static_assert
    Feature record: C_FEATURE:1c_variadic_macros


Detecting C [-std=c99] compiler features compiled with the following output:
Change Dir: /home/vignesh/Desktop/Lookahead_Testing/syscall_intercept/build/CMakeFiles/CMakeTmp

Run Build Command:"/usr/bin/make" "cmTC_da984/fast"
/usr/bin/make -f CMakeFiles/cmTC_da984.dir/build.make CMakeFiles/cmTC_da984.dir/build
make[1]: Entering directory '/home/vignesh/Desktop/Lookahead_Testing/syscall_intercept/build/CMakeFiles/CMakeTmp'
Building C object CMakeFiles/cmTC_da984.dir/feature_tests.c.o
/usr/bin/clang    -std=c99 -o CMakeFiles/cmTC_da984.dir/feature_tests.c.o   -c /home/vignesh/Desktop/Lookahead_Testing/syscall_intercept/build/CMakeFiles/feature_tests.c
Linking C executable cmTC_da984
/usr/bin/cmake -E cmake_link_script CMakeFiles/cmTC_da984.dir/link.txt --verbose=1
/usr/bin/clang       CMakeFiles/cmTC_da984.dir/feature_tests.c.o  -o cmTC_da984 -rdynamic 
make[1]: Leaving directory '/home/vignesh/Desktop/Lookahead_Testing/syscall_intercept/build/CMakeFiles/CMakeTmp'


    Feature record: C_FEATURE:1c_function_prototypes
    Feature record: C_FEATURE:1c_restrict
    Feature record: C_FEATURE:0c_static_assert
    Feature record: C_FEATURE:1c_variadic_macros


Detecting C [-std=c90] compiler features compiled with the following output:
Change Dir: /home/vignesh/Desktop/Lookahead_Testing/syscall_intercept/build/CMakeFiles/CMakeTmp

Run Build Command:"/usr/bin/make" "cmTC_137d3/fast"
/usr/bin/make -f CMakeFiles/cmTC_137d3.dir/build.make CMakeFiles/cmTC_137d3.dir/build
make[1]: Entering directory '/home/vignesh/Desktop/Lookahead_Testing/syscall_intercept/build/CMakeFiles/CMakeTmp'
Building C object CMakeFiles/cmTC_137d3.dir/feature_tests.c.o
/usr/bin/clang    -std=c90 -o CMakeFiles/cmTC_137d3.dir/feature_tests.c.o   -c /home/vignesh/Desktop/Lookahead_Testing/syscall_intercept/build/CMakeFiles/feature_tests.c
Linking C executable cmTC_137d3
/usr/bin/cmake -E cmake_link_script CMakeFiles/cmTC_137d3.dir/link.txt --verbose=1
/usr/bin/clang       CMakeFiles/cmTC_137d3.dir/feature_tests.c.o  -o cmTC_137d3 -rdynamic 
make[1]: Leaving directory '/home/vignesh/Desktop/Lookahead_Testing/syscall_intercept/build/CMakeFiles/CMakeTmp'


    Feature record: C_FEATURE:1c_function_prototypes
    Feature record: C_FEATURE:0c_restrict
    Feature record: C_FEATURE:0c_static_assert
    Feature record: C_FEATURE:0c_variadic_macros
Determining if the CXX compiler works passed with the following output:
Change Dir: /home/vignesh/Desktop/Lookahead_Testing/syscall_intercept/build/CMakeFiles/CMakeTmp

Run Build Command:"/usr/bin/make" "cmTC_27f2d/fast"
/usr/bin/make -f CMakeFiles/cmTC_27f2d.dir/build.make CMakeFiles/cmTC_27f2d.dir/build
make[1]: Entering directory '/home/vignesh/Desktop/Lookahead_Testing/syscall_intercept/build/CMakeFiles/CMakeTmp'
Building CXX object CMakeFiles/cmTC_27f2d.dir/testCXXCompiler.cxx.o
/usr/bin/c++      -o CMakeFiles/cmTC_27f2d.dir/testCXXCompiler.cxx.o -c /home/vignesh/Desktop/Lookahead_Testing/syscall_intercept/build/CMakeFiles/CMakeTmp/testCXXCompiler.cxx
Linking CXX executable cmTC_27f2d
/usr/bin/cmake -E cmake_link_script CMakeFiles/cmTC_27f2d.dir/link.txt --verbose=1
/usr/bin/c++        CMakeFiles/cmTC_27f2d.dir/testCXXCompiler.cxx.o  -o cmTC_27f2d -rdynamic 
make[1]: Leaving directory '/home/vignesh/Desktop/Lookahead_Testing/syscall_intercept/build/CMakeFiles/CMakeTmp'


Detecting CXX compiler ABI info compiled with the following output:
Change Dir: /home/vignesh/Desktop/Lookahead_Testing/syscall_intercept/build/CMakeFiles/CMakeTmp

Run Build Command:"/usr/bin/make" "cmTC_c2da0/fast"
/usr/bin/make -f CMakeFiles/cmTC_c2da0.dir/build.make CMakeFiles/cmTC_c2da0.dir/build
make[1]: Entering directory '/home/vignesh/Desktop/Lookahead_Testing/syscall_intercept/build/CMakeFiles/CMakeTmp'
Building CXX object CMakeFiles/cmTC_c2da0.dir/CMakeCXXCompilerABI.cpp.o
/usr/bin/c++      -o CMakeFiles/cmTC_c2da0.dir/CMakeCXXCompilerABI.cpp.o -c /usr/share/cmake-3.5/Modules/CMakeCXXCompilerABI.cpp
Linking CXX executable cmTC_c2da0
/usr/bin/cmake -E cmake_link_script CMakeFiles/cmTC_c2da0.dir/link.txt --verbose=1
/usr/bin/c++       -v CMakeFiles/cmTC_c2da0.dir/CMakeCXXCompilerABI.cpp.o  -o cmTC_c2da0 -rdynamic  
Using built-in specs.
COLLECT_GCC=/usr/bin/c++
COLLECT_LTO_WRAPPER=/usr/lib/gcc/x86_64-linux-gnu/6/lto-wrapper
Target: x86_64-linux-gnu
Configured with: ../src/configure -v --with-pkgversion='Ubuntu 6.5.0-2ubuntu1~16.04' --with-bugurl=file:///usr/share/doc/gcc-6/README.Bugs --enable-languages=c,ada,c++,java,go,d,fortran,objc,obj-c++ --prefix=/usr --with-as=/usr/bin/x86_64-linux-gnu-as --with-ld=/usr/bin/x86_64-linux-gnu-ld --program-suffix=-6 --program-prefix=x86_64-linux-gnu- --enable-shared --enable-linker-build-id --libexecdir=/usr/lib --without-included-gettext --enable-threads=posix --libdir=/usr/lib --enable-nls --with-sysroot=/ --enable-clocale=gnu --enable-libstdcxx-debug --enable-libstdcxx-time=yes --with-default-libstdcxx-abi=new --enable-gnu-unique-object --disable-vtable-verify --enable-libmpx --enable-plugin --with-system-zlib --disable-browser-plugin --enable-java-awt=gtk --enable-gtk-cairo --with-java-home=/usr/lib/jvm/java-1.5.0-gcj-6-amd64/jre --enable-java-home --with-jvm-root-dir=/usr/lib/jvm/java-1.5.0-gcj-6-amd64 --with-jvm-jar-dir=/usr/lib/jvm-exports/java-1.5.0-gcj-6-amd64 --with-arch-directory=amd64 --with-ecj-jar=/usr/share/java/eclipse-ecj.jar --with-target-system-zlib --enable-objc-gc=auto --enable-multiarch --disable-werror --with-arch-32=i686 --with-abi=m64 --with-multilib-list=m32,m64,mx32 --enable-multilib --with-tune=generic --enable-checking=release --build=x86_64-linux-gnu --host=x86_64-linux-gnu --target=x86_64-linux-gnu
Thread model: posix
gcc version 6.5.0 20181026 (Ubuntu 6.5.0-2ubuntu1~16.04) 
COMPILER_PATH=/usr/lib/gcc/x86_64-linux-gnu/6/:/usr/lib/gcc/x86_64-linux-gnu/6/:/usr/lib/gcc/x86_64-linux-gnu/:/usr/lib/gcc/x86_64-linux-gnu/6/:/usr/lib/gcc/x86_64-linux-gnu/
LIBRARY_PATH=/usr/lib/gcc/x86_64-linux-gnu/6/:/usr/lib/gcc/x86_64-linux-gnu/6/../../../x86_64-linux-gnu/:/usr/lib/gcc/x86_64-linux-gnu/6/../../../../lib/:/lib/x86_64-linux-gnu/:/lib/../lib/:/usr/lib/x86_64-linux-gnu/:/usr/lib/../lib/:/usr/lib/gcc/x86_64-linux-gnu/6/../../../:/lib/:/usr/lib/
COLLECT_GCC_OPTIONS='-v' '-o' 'cmTC_c2da0' '-rdynamic' '-shared-libgcc' '-mtune=generic' '-march=x86-64'
 /usr/lib/gcc/x86_64-linux-gnu/6/collect2 -plugin /usr/lib/gcc/x86_64-linux-gnu/6/liblto_plugin.so -plugin-opt=/usr/lib/gcc/x86_64-linux-gnu/6/lto-wrapper -plugin-opt=-fresolution=/tmp/cc1vROR6.res -plugin-opt=-pass-through=-lgcc_s -plugin-opt=-pass-through=-lgcc -plugin-opt=-pass-through=-lc -plugin-opt=-pass-through=-lgcc_s -plugin-opt=-pass-through=-lgcc --sysroot=/ --build-id --eh-frame-hdr -m elf_x86_64 --hash-style=gnu --as-needed -export-dynamic -dynamic-linker /lib64/ld-linux-x86-64.so.2 -z relro -o cmTC_c2da0 /usr/lib/gcc/x86_64-linux-gnu/6/../../../x86_64-linux-gnu/crt1.o /usr/lib/gcc/x86_64-linux-gnu/6/../../../x86_64-linux-gnu/crti.o /usr/lib/gcc/x86_64-linux-gnu/6/crtbegin.o -L/usr/lib/gcc/x86_64-linux-gnu/6 -L/usr/lib/gcc/x86_64-linux-gnu/6/../../../x86_64-linux-gnu -L/usr/lib/gcc/x86_64-linux-gnu/6/../../../../lib -L/lib/x86_64-linux-gnu -L/lib/../lib -L/usr/lib/x86_64-linux-gnu -L/usr/lib/../lib -L/usr/lib/gcc/x86_64-linux-gnu/6/../../.. CMakeFiles/cmTC_c2da0.dir/CMakeCXXCompilerABI.cpp.o -lstdc++ -lm -lgcc_s -lgcc -lc -lgcc_s -lgcc /usr/lib/gcc/x86_64-linux-gnu/6/crtend.o /usr/lib/gcc/x86_64-linux-gnu/6/../../../x86_64-linux-gnu/crtn.o
COLLECT_GCC_OPTIONS='-v' '-o' 'cmTC_c2da0' '-rdynamic' '-shared-libgcc' '-mtune=generic' '-march=x86-64'
make[1]: Leaving directory '/home/vignesh/Desktop/Lookahead_Testing/syscall_intercept/build/CMakeFiles/CMakeTmp'


Parsed CXX implicit link information from above output:
  link line regex: [^( *|.*[/\])(ld|([^/\]+-)?ld|collect2)[^/\]*( |$)]
  ignore line: [Change Dir: /home/vignesh/Desktop/Lookahead_Testing/syscall_intercept/build/CMakeFiles/CMakeTmp]
  ignore line: []
  ignore line: [Run Build Command:"/usr/bin/make" "cmTC_c2da0/fast"]
  ignore line: [/usr/bin/make -f CMakeFiles/cmTC_c2da0.dir/build.make CMakeFiles/cmTC_c2da0.dir/build]
  ignore line: [make[1]: Entering directory '/home/vignesh/Desktop/Lookahead_Testing/syscall_intercept/build/CMakeFiles/CMakeTmp']
  ignore line: [Building CXX object CMakeFiles/cmTC_c2da0.dir/CMakeCXXCompilerABI.cpp.o]
  ignore line: [/usr/bin/c++      -o CMakeFiles/cmTC_c2da0.dir/CMakeCXXCompilerABI.cpp.o -c /usr/share/cmake-3.5/Modules/CMakeCXXCompilerABI.cpp]
  ignore line: [Linking CXX executable cmTC_c2da0]
  ignore line: [/usr/bin/cmake -E cmake_link_script CMakeFiles/cmTC_c2da0.dir/link.txt --verbose=1]
  ignore line: [/usr/bin/c++       -v CMakeFiles/cmTC_c2da0.dir/CMakeCXXCompilerABI.cpp.o  -o cmTC_c2da0 -rdynamic  ]
  ignore line: [Using built-in specs.]
  ignore line: [COLLECT_GCC=/usr/bin/c++]
  ignore line: [COLLECT_LTO_WRAPPER=/usr/lib/gcc/x86_64-linux-gnu/6/lto-wrapper]
  ignore line: [Target: x86_64-linux-gnu]
  ignore line: [Configured with: ../src/configure -v --with-pkgversion='Ubuntu 6.5.0-2ubuntu1~16.04' --with-bugurl=file:///usr/share/doc/gcc-6/README.Bugs --enable-languages=c,ada,c++,java,go,d,fortran,objc,obj-c++ --prefix=/usr --with-as=/usr/bin/x86_64-linux-gnu-as --with-ld=/usr/bin/x86_64-linux-gnu-ld --program-suffix=-6 --program-prefix=x86_64-linux-gnu- --enable-shared --enable-linker-build-id --libexecdir=/usr/lib --without-included-gettext --enable-threads=posix --libdir=/usr/lib --enable-nls --with-sysroot=/ --enable-clocale=gnu --enable-libstdcxx-debug --enable-libstdcxx-time=yes --with-default-libstdcxx-abi=new --enable-gnu-unique-object --disable-vtable-verify --enable-libmpx --enable-plugin --with-system-zlib --disable-browser-plugin --enable-java-awt=gtk --enable-gtk-cairo --with-java-home=/usr/lib/jvm/java-1.5.0-gcj-6-amd64/jre --enable-java-home --with-jvm-root-dir=/usr/lib/jvm/java-1.5.0-gcj-6-amd64 --with-jvm-jar-dir=/usr/lib/jvm-exports/java-1.5.0-gcj-6-amd64 --with-arch-directory=amd64 --with-ecj-jar=/usr/share/java/eclipse-ecj.jar --with-target-system-zlib --enable-objc-gc=auto --enable-multiarch --disable-werror --with-arch-32=i686 --with-abi=m64 --with-multilib-list=m32,m64,mx32 --enable-multilib --with-tune=generic --enable-checking=release --build=x86_64-linux-gnu --host=x86_64-linux-gnu --target=x86_64-linux-gnu]
  ignore line: [Thread model: posix]
  ignore line: [gcc version 6.5.0 20181026 (Ubuntu 6.5.0-2ubuntu1~16.04) ]
  ignore line: [COMPILER_PATH=/usr/lib/gcc/x86_64-linux-gnu/6/:/usr/lib/gcc/x86_64-linux-gnu/6/:/usr/lib/gcc/x86_64-linux-gnu/:/usr/lib/gcc/x86_64-linux-gnu/6/:/usr/lib/gcc/x86_64-linux-gnu/]
  ignore line: [LIBRARY_PATH=/usr/lib/gcc/x86_64-linux-gnu/6/:/usr/lib/gcc/x86_64-linux-gnu/6/../../../x86_64-linux-gnu/:/usr/lib/gcc/x86_64-linux-gnu/6/../../../../lib/:/lib/x86_64-linux-gnu/:/lib/../lib/:/usr/lib/x86_64-linux-gnu/:/usr/lib/../lib/:/usr/lib/gcc/x86_64-linux-gnu/6/../../../:/lib/:/usr/lib/]
  ignore line: [COLLECT_GCC_OPTIONS='-v' '-o' 'cmTC_c2da0' '-rdynamic' '-shared-libgcc' '-mtune=generic' '-march=x86-64']
  link line: [ /usr/lib/gcc/x86_64-linux-gnu/6/collect2 -plugin /usr/lib/gcc/x86_64-linux-gnu/6/liblto_plugin.so -plugin-opt=/usr/lib/gcc/x86_64-linux-gnu/6/lto-wrapper -plugin-opt=-fresolution=/tmp/cc1vROR6.res -plugin-opt=-pass-through=-lgcc_s -plugin-opt=-pass-through=-lgcc -plugin-opt=-pass-through=-lc -plugin-opt=-pass-through=-lgcc_s -plugin-opt=-pass-through=-lgcc --sysroot=/ --build-id --eh-frame-hdr -m elf_x86_64 --hash-style=gnu --as-needed -export-dynamic -dynamic-linker /lib64/ld-linux-x86-64.so.2 -z relro -o cmTC_c2da0 /usr/lib/gcc/x86_64-linux-gnu/6/../../../x86_64-linux-gnu/crt1.o /usr/lib/gcc/x86_64-linux-gnu/6/../../../x86_64-linux-gnu/crti.o /usr/lib/gcc/x86_64-linux-gnu/6/crtbegin.o -L/usr/lib/gcc/x86_64-linux-gnu/6 -L/usr/lib/gcc/x86_64-linux-gnu/6/../../../x86_64-linux-gnu -L/usr/lib/gcc/x86_64-linux-gnu/6/../../../../lib -L/lib/x86_64-linux-gnu -L/lib/../lib -L/usr/lib/x86_64-linux-gnu -L/usr/lib/../lib -L/usr/lib/gcc/x86_64-linux-gnu/6/../../.. CMakeFiles/cmTC_c2da0.dir/CMakeCXXCompilerABI.cpp.o -lstdc++ -lm -lgcc_s -lgcc -lc -lgcc_s -lgcc /usr/lib/gcc/x86_64-linux-gnu/6/crtend.o /usr/lib/gcc/x86_64-linux-gnu/6/../../../x86_64-linux-gnu/crtn.o]
    arg [/usr/lib/gcc/x86_64-linux-gnu/6/collect2] ==> ignore
    arg [-plugin] ==> ignore
    arg [/usr/lib/gcc/x86_64-linux-gnu/6/liblto_plugin.so] ==> ignore
    arg [-plugin-opt=/usr/lib/gcc/x86_64-linux-gnu/6/lto-wrapper] ==> ignore
    arg [-plugin-opt=-fresolution=/tmp/cc1vROR6.res] ==> ignore
    arg [-plugin-opt=-pass-through=-lgcc_s] ==> ignore
    arg [-plugin-opt=-pass-through=-lgcc] ==> ignore
    arg [-plugin-opt=-pass-through=-lc] ==> ignore
    arg [-plugin-opt=-pass-through=-lgcc_s] ==> ignore
    arg [-plugin-opt=-pass-through=-lgcc] ==> ignore
    arg [--sysroot=/] ==> ignore
    arg [--build-id] ==> ignore
    arg [--eh-frame-hdr] ==> ignore
    arg [-m] ==> ignore
    arg [elf_x86_64] ==> ignore
    arg [--hash-style=gnu] ==> ignore
    arg [--as-needed] ==> ignore
    arg [-export-dynamic] ==> ignore
    arg [-dynamic-linker] ==> ignore
    arg [/lib64/ld-linux-x86-64.so.2] ==> ignore
    arg [-zrelro] ==> ignore
    arg [-o] ==> ignore
    arg [cmTC_c2da0] ==> ignore
    arg [/usr/lib/gcc/x86_64-linux-gnu/6/../../../x86_64-linux-gnu/crt1.o] ==> ignore
    arg [/usr/lib/gcc/x86_64-linux-gnu/6/../../../x86_64-linux-gnu/crti.o] ==> ignore
    arg [/usr/lib/gcc/x86_64-linux-gnu/6/crtbegin.o] ==> ignore
    arg [-L/usr/lib/gcc/x86_64-linux-gnu/6] ==> dir [/usr/lib/gcc/x86_64-linux-gnu/6]
    arg [-L/usr/lib/gcc/x86_64-linux-gnu/6/../../../x86_64-linux-gnu] ==> dir [/usr/lib/gcc/x86_64-linux-gnu/6/../../../x86_64-linux-gnu]
    arg [-L/usr/lib/gcc/x86_64-linux-gnu/6/../../../../lib] ==> dir [/usr/lib/gcc/x86_64-linux-gnu/6/../../../../lib]
    arg [-L/lib/x86_64-linux-gnu] ==> dir [/lib/x86_64-linux-gnu]
    arg [-L/lib/../lib] ==> dir [/lib/../lib]
    arg [-L/usr/lib/x86_64-linux-gnu] ==> dir [/usr/lib/x86_64-linux-gnu]
    arg [-L/usr/lib/../lib] ==> dir [/usr/lib/../lib]
    arg [-L/usr/lib/gcc/x86_64-linux-gnu/6/../../..] ==> dir [/usr/lib/gcc/x86_64-linux-gnu/6/../../..]
    arg [CMakeFiles/cmTC_c2da0.dir/CMakeCXXCompilerABI.cpp.o] ==> ignore
    arg [-lstdc++] ==> lib [stdc++]
    arg [-lm] ==> lib [m]
    arg [-lgcc_s] ==> lib [gcc_s]
    arg [-lgcc] ==> lib [gcc]
    arg [-lc] ==> lib [c]
    arg [-lgcc_s] ==> lib [gcc_s]
    arg [-lgcc] ==> lib [gcc]
    arg [/usr/lib/gcc/x86_64-linux-gnu/6/crtend.o] ==> ignore
    arg [/usr/lib/gcc/x86_64-linux-gnu/6/../../../x86_64-linux-gnu/crtn.o] ==> ignore
  remove lib [gcc_s]
  remove lib [gcc]
  remove lib [gcc_s]
  remove lib [gcc]
  collapse library dir [/usr/lib/gcc/x86_64-linux-gnu/6] ==> [/usr/lib/gcc/x86_64-linux-gnu/6]
  collapse library dir [/usr/lib/gcc/x86_64-linux-gnu/6/../../../x86_64-linux-gnu] ==> [/usr/lib/x86_64-linux-gnu]
  collapse library dir [/usr/lib/gcc/x86_64-linux-gnu/6/../../../../lib] ==> [/usr/lib]
  collapse library dir [/lib/x86_64-linux-gnu] ==> [/lib/x86_64-linux-gnu]
  collapse library dir [/lib/../lib] ==> [/lib]
  collapse library dir [/usr/lib/x86_64-linux-gnu] ==> [/usr/lib/x86_64-linux-gnu]
  collapse library dir [/usr/lib/../lib] ==> [/usr/lib]
  collapse library dir [/usr/lib/gcc/x86_64-linux-gnu/6/../../..] ==> [/usr/lib]
  implicit libs: [stdc++;m;c]
  implicit dirs: [/usr/lib/gcc/x86_64-linux-gnu/6;/usr/lib/x86_64-linux-gnu;/usr/lib;/lib/x86_64-linux-gnu;/lib]
  implicit fwks: []




Detecting CXX [-std=c++14] compiler features compiled with the following output:
Change Dir: /home/vignesh/Desktop/Lookahead_Testing/syscall_intercept/build/CMakeFiles/CMakeTmp

Run Build Command:"/usr/bin/make" "cmTC_8c618/fast"
/usr/bin/make -f CMakeFiles/cmTC_8c618.dir/build.make CMakeFiles/cmTC_8c618.dir/build
make[1]: Entering directory '/home/vignesh/Desktop/Lookahead_Testing/syscall_intercept/build/CMakeFiles/CMakeTmp'
Building CXX object CMakeFiles/cmTC_8c618.dir/feature_tests.cxx.o
/usr/bin/c++     -std=c++14 -o CMakeFiles/cmTC_8c618.dir/feature_tests.cxx.o -c /home/vignesh/Desktop/Lookahead_Testing/syscall_intercept/build/CMakeFiles/feature_tests.cxx
Linking CXX executable cmTC_8c618
/usr/bin/cmake -E cmake_link_script CMakeFiles/cmTC_8c618.dir/link.txt --verbose=1
/usr/bin/c++        CMakeFiles/cmTC_8c618.dir/feature_tests.cxx.o  -o cmTC_8c618 -rdynamic 
make[1]: Leaving directory '/home/vignesh/Desktop/Lookahead_Testing/syscall_intercept/build/CMakeFiles/CMakeTmp'


    Feature record: CXX_FEATURE:1cxx_aggregate_default_initializers
    Feature record: CXX_FEATURE:1cxx_alias_templates
    Feature record: CXX_FEATURE:1cxx_alignas
    Feature record: CXX_FEATURE:1cxx_alignof
    Feature record: CXX_FEATURE:1cxx_attributes
    Feature record: CXX_FEATURE:1cxx_attribute_deprecated
    Feature record: CXX_FEATURE:1cxx_auto_type
    Feature record: CXX_FEATURE:1cxx_binary_literals
    Feature record: CXX_FEATURE:1cxx_constexpr
    Feature record: CXX_FEATURE:1cxx_contextual_conversions
    Feature record: CXX_FEATURE:1cxx_decltype
    Feature record: CXX_FEATURE:1cxx_decltype_auto
    Feature record: CXX_FEATURE:1cxx_decltype_incomplete_return_types
    Feature record: CXX_FEATURE:1cxx_default_function_template_args
    Feature record: CXX_FEATURE:1cxx_defaulted_functions
    Feature record: CXX_FEATURE:1cxx_defaulted_move_initializers
    Feature record: CXX_FEATURE:1cxx_delegating_constructors
    Feature record: CXX_FEATURE:1cxx_deleted_functions
    Feature record: CXX_FEATURE:1cxx_digit_separators
    Feature record: CXX_FEATURE:1cxx_enum_forward_declarations
    Feature record: CXX_FEATURE:1cxx_explicit_conversions
    Feature record: CXX_FEATURE:1cxx_extended_friend_declarations
    Feature record: CXX_FEATURE:1cxx_extern_templates
    Feature record: CXX_FEATURE:1cxx_final
    Feature record: CXX_FEATURE:1cxx_func_identifier
    Feature record: CXX_FEATURE:1cxx_generalized_initializers
    Feature record: CXX_FEATURE:1cxx_generic_lambdas
    Feature record: CXX_FEATURE:1cxx_inheriting_constructors
    Feature record: CXX_FEATURE:1cxx_inline_namespaces
    Feature record: CXX_FEATURE:1cxx_lambdas
    Feature record: CXX_FEATURE:1cxx_lambda_init_captures
    Feature record: CXX_FEATURE:1cxx_local_type_template_args
    Feature record: CXX_FEATURE:1cxx_long_long_type
    Feature record: CXX_FEATURE:1cxx_noexcept
    Feature record: CXX_FEATURE:1cxx_nonstatic_member_init
    Feature record: CXX_FEATURE:1cxx_nullptr
    Feature record: CXX_FEATURE:1cxx_override
    Feature record: CXX_FEATURE:1cxx_range_for
    Feature record: CXX_FEATURE:1cxx_raw_string_literals
    Feature record: CXX_FEATURE:1cxx_reference_qualified_functions
    Feature record: CXX_FEATURE:1cxx_relaxed_constexpr
    Feature record: CXX_FEATURE:1cxx_return_type_deduction
    Feature record: CXX_FEATURE:1cxx_right_angle_brackets
    Feature record: CXX_FEATURE:1cxx_rvalue_references
    Feature record: CXX_FEATURE:1cxx_sizeof_member
    Feature record: CXX_FEATURE:1cxx_static_assert
    Feature record: CXX_FEATURE:1cxx_strong_enums
    Feature record: CXX_FEATURE:1cxx_template_template_parameters
    Feature record: CXX_FEATURE:1cxx_thread_local
    Feature record: CXX_FEATURE:1cxx_trailing_return_types
    Feature record: CXX_FEATURE:1cxx_unicode_literals
    Feature record: CXX_FEATURE:1cxx_uniform_initialization
    Feature record: CXX_FEATURE:1cxx_unrestricted_unions
    Feature record: CXX_FEATURE:1cxx_user_literals
    Feature record: CXX_FEATURE:1cxx_variable_templates
    Feature record: CXX_FEATURE:1cxx_variadic_macros
    Feature record: CXX_FEATURE:1cxx_variadic_templates


Detecting CXX [-std=c++11] compiler features compiled with the following output:
Change Dir: /home/vignesh/Desktop/Lookahead_Testing/syscall_intercept/build/CMakeFiles/CMakeTmp

Run Build Command:"/usr/bin/make" "cmTC_f052e/fast"
/usr/bin/make -f CMakeFiles/cmTC_f052e.dir/build.make CMakeFiles/cmTC_f052e.dir/build
make[1]: Entering directory '/home/vignesh/Desktop/Lookahead_Testing/syscall_intercept/build/CMakeFiles/CMakeTmp'
Building CXX object CMakeFiles/cmTC_f052e.dir/feature_tests.cxx.o
/usr/bin/c++     -std=c++11 -o CMakeFiles/cmTC_f052e.dir/feature_tests.cxx.o -c /home/vignesh/Desktop/Lookahead_Testing/syscall_intercept/build/CMakeFiles/feature_tests.cxx
Linking CXX executable cmTC_f052e
/usr/bin/cmake -E cmake_link_script CMakeFiles/cmTC_f052e.dir/link.txt --verbose=1
/usr/bin/c++        CMakeFiles/cmTC_f052e.dir/feature_tests.cxx.o  -o cmTC_f052e -rdynamic 
make[1]: Leaving directory '/home/vignesh/Desktop/Lookahead_Testing/syscall_intercept/build/CMakeFiles/CMakeTmp'


    Feature record: CXX_FEATURE:0cxx_aggregate_default_initializers
    Feature record: CXX_FEATURE:1cxx_alias_templates
    Feature record: CXX_FEATURE:1cxx_alignas
    Feature record: CXX_FEATURE:1cxx_alignof
    Feature record: CXX_FEATURE:1cxx_attributes
    Feature record: CXX_FEATURE:0cxx_attribute_deprecated
    Feature record: CXX_FEATURE:1cxx_auto_type
    Feature record: CXX_FEATURE:0cxx_binary_literals
    Feature record: CXX_FEATURE:1cxx_constexpr
    Feature record: CXX_FEATURE:0cxx_contextual_conversions
    Feature record: CXX_FEATURE:1cxx_decltype
    Feature record: CXX_FEATURE:0cxx_decltype_auto
    Feature record: CXX_FEATURE:1cxx_decltype_incomplete_return_types
    Feature record: CXX_FEATURE:1cxx_default_function_template_args
    Feature record: CXX_FEATURE:1cxx_defaulted_functions
    Feature record: CXX_FEATURE:1cxx_defaulted_move_initializers
    Feature record: CXX_FEATURE:1cxx_delegating_constructors
    Feature record: CXX_FEATURE:1cxx_deleted_functions
    Feature record: CXX_FEATURE:0cxx_digit_separators
    Feature record: CXX_FEATURE:1cxx_enum_forward_declarations
    Feature record: CXX_FEATURE:1cxx_explicit_conversions
    Feature record: CXX_FEATURE:1cxx_extended_friend_declarations
    Feature record: CXX_FEATURE:1cxx_extern_templates
    Feature record: CXX_FEATURE:1cxx_final
    Feature record: CXX_FEATURE:1cxx_func_identifier
    Feature record: CXX_FEATURE:1cxx_generalized_initializers
    Feature record: CXX_FEATURE:0cxx_generic_lambdas
    Feature record: CXX_FEATURE:1cxx_inheriting_constructors
    Feature record: CXX_FEATURE:1cxx_inline_namespaces
    Feature record: CXX_FEATURE:1cxx_lambdas
    Feature record: CXX_FEATURE:0cxx_lambda_init_captures
    Feature record: CXX_FEATURE:1cxx_local_type_template_args
    Feature record: CXX_FEATURE:1cxx_long_long_type
    Feature record: CXX_FEATURE:1cxx_noexcept
    Feature record: CXX_FEATURE:1cxx_nonstatic_member_init
    Feature record: CXX_FEATURE:1cxx_nullptr
    Feature record: CXX_FEATURE:1cxx_override
    Feature record: CXX_FEATURE:1cxx_range_for
    Feature record: CXX_FEATURE:1cxx_raw_string_literals
    Feature record: CXX_FEATURE:1cxx_reference_qualified_functions
    Feature record: CXX_FEATURE:0cxx_relaxed_constexpr
    Feature record: CXX_FEATURE:0cxx_return_type_deduction
    Feature record: CXX_FEATURE:1cxx_right_angle_brackets
    Feature record: CXX_FEATURE:1cxx_rvalue_references
    Feature record: CXX_FEATURE:1cxx_sizeof_member
    Feature record: CXX_FEATURE:1cxx_static_assert
    Feature record: CXX_FEATURE:1cxx_strong_enums
    Feature record: CXX_FEATURE:1cxx_template_template_parameters
    Feature record: CXX_FEATURE:1cxx_thread_local
    Feature record: CXX_FEATURE:1cxx_trailing_return_types
    Feature record: CXX_FEATURE:1cxx_unicode_literals
    Feature record: CXX_FEATURE:1cxx_uniform_initialization
    Feature record: CXX_FEATURE:1cxx_unrestricted_unions
    Feature record: CXX_FEATURE:1cxx_user_literals
    Feature record: CXX_FEATURE:0cxx_variable_templates
    Feature record: CXX_FEATURE:1cxx_variadic_macros
    Feature record: CXX_FEATURE:1cxx_variadic_templates


Detecting CXX [-std=c++98] compiler features compiled with the following output:
Change Dir: /home/vignesh/Desktop/Lookahead_Testing/syscall_intercept/build/CMakeFiles/CMakeTmp

Run Build Command:"/usr/bin/make" "cmTC_0eb7a/fast"
/usr/bin/make -f CMakeFiles/cmTC_0eb7a.dir/build.make CMakeFiles/cmTC_0eb7a.dir/build
make[1]: Entering directory '/home/vignesh/Desktop/Lookahead_Testing/syscall_intercept/build/CMakeFiles/CMakeTmp'
Building CXX object CMakeFiles/cmTC_0eb7a.dir/feature_tests.cxx.o
/usr/bin/c++     -std=c++98 -o CMakeFiles/cmTC_0eb7a.dir/feature_tests.cxx.o -c /home/vignesh/Desktop/Lookahead_Testing/syscall_intercept/build/CMakeFiles/feature_tests.cxx
Linking CXX executable cmTC_0eb7a
/usr/bin/cmake -E cmake_link_script CMakeFiles/cmTC_0eb7a.dir/link.txt --verbose=1
/usr/bin/c++        CMakeFiles/cmTC_0eb7a.dir/feature_tests.cxx.o  -o cmTC_0eb7a -rdynamic 
make[1]: Leaving directory '/home/vignesh/Desktop/Lookahead_Testing/syscall_intercept/build/CMakeFiles/CMakeTmp'


    Feature record: CXX_FEATURE:0cxx_aggregate_default_initializers
    Feature record: CXX_FEATURE:0cxx_alias_templates
    Feature record: CXX_FEATURE:0cxx_alignas
    Feature record: CXX_FEATURE:0cxx_alignof
    Feature record: CXX_FEATURE:0cxx_attributes
    Feature record: CXX_FEATURE:0cxx_attribute_deprecated
    Feature record: CXX_FEATURE:0cxx_auto_type
    Feature record: CXX_FEATURE:0cxx_binary_literals
    Feature record: CXX_FEATURE:0cxx_constexpr
    Feature record: CXX_FEATURE:0cxx_contextual_conversions
    Feature record: CXX_FEATURE:0cxx_decltype
    Feature record: CXX_FEATURE:0cxx_decltype_auto
    Feature record: CXX_FEATURE:0cxx_decltype_incomplete_return_types
    Feature record: CXX_FEATURE:0cxx_default_function_template_args
    Feature record: CXX_FEATURE:0cxx_defaulted_functions
    Feature record: CXX_FEATURE:0cxx_defaulted_move_initializers
    Feature record: CXX_FEATURE:0cxx_delegating_constructors
    Feature record: CXX_FEATURE:0cxx_deleted_functions
    Feature record: CXX_FEATURE:0cxx_digit_separators
    Feature record: CXX_FEATURE:0cxx_enum_forward_declarations
    Feature record: CXX_FEATURE:0cxx_explicit_conversions
    Feature record: CXX_FEATURE:0cxx_extended_friend_declarations
    Feature record: CXX_FEATURE:0cxx_extern_templates
    Feature record: CXX_FEATURE:0cxx_final
    Feature record: CXX_FEATURE:0cxx_func_identifier
    Feature record: CXX_FEATURE:0cxx_generalized_initializers
    Feature record: CXX_FEATURE:0cxx_generic_lambdas
    Feature record: CXX_FEATURE:0cxx_inheriting_constructors
    Feature record: CXX_FEATURE:0cxx_inline_namespaces
    Feature record: CXX_FEATURE:0cxx_lambdas
    Feature record: CXX_FEATURE:0cxx_lambda_init_captures
    Feature record: CXX_FEATURE:0cxx_local_type_template_args
    Feature record: CXX_FEATURE:0cxx_long_long_type
    Feature record: CXX_FEATURE:0cxx_noexcept
    Feature record: CXX_FEATURE:0cxx_nonstatic_member_init
    Feature record: CXX_FEATURE:0cxx_nullptr
    Feature record: CXX_FEATURE:0cxx_override
    Feature record: CXX_FEATURE:0cxx_range_for
    Feature record: CXX_FEATURE:0cxx_raw_string_literals
    Feature record: CXX_FEATURE:0cxx_reference_qualified_functions
    Feature record: CXX_FEATURE:0cxx_relaxed_constexpr
    Feature record: CXX_FEATURE:0cxx_return_type_deduction
    Feature record: CXX_FEATURE:0cxx_right_angle_brackets
    Feature record: CXX_FEATURE:0cxx_rvalue_references
    Feature record: CXX_FEATURE:0cxx_sizeof_member
    Feature record: CXX_FEATURE:0cxx_static_assert
    Feature record: CXX_FEATURE:0cxx_strong_enums
    Feature record: CXX_FEATURE:1cxx_template_template_parameters
    Feature record: CXX_FEATURE:0cxx_thread_local
    Feature record: CXX_FEATURE:0cxx_trailing_return_types
    Feature record: CXX_FEATURE:0cxx_unicode_literals
    Feature record: CXX_FEATURE:0cxx_uniform_initialization
    Feature record: CXX_FEATURE:0cxx_unrestricted_unions
    Feature record: CXX_FEATURE:0cxx_user_literals
    Feature record: CXX_FEATURE:0cxx_variable_templates
    Feature record: CXX_FEATURE:0cxx_variadic_macros
    Feature record: CXX_FEATURE:0cxx_variadic_templates
Performing C SOURCE FILE Test HAS_WERROR succeeded with the following output:
Change Dir: /home/vignesh/Desktop/Lookahead_Testing/syscall_intercept/build/CMakeFiles/CMakeTmp

Run Build Command:"/usr/bin/make" "cmTC_907a0/fast"
/usr/bin/make -f CMakeFiles/cmTC_907a0.dir/build.make CMakeFiles/cmTC_907a0.dir/build
make[1]: Entering directory '/home/vignesh/Desktop/Lookahead_Testing/syscall_intercept/build/CMakeFiles/CMakeTmp'
Building C object CMakeFiles/cmTC_907a0.dir/src.c.o
/usr/bin/clang    -DHAS_WERROR   -Werror -o CMakeFiles/cmTC_907a0.dir/src.c.o   -c /home/vignesh/Desktop/Lookahead_Testing/syscall_intercept/build/CMakeFiles/CMakeTmp/src.c
Linking C executable cmTC_907a0
/usr/bin/cmake -E cmake_link_script CMakeFiles/cmTC_907a0.dir/link.txt --verbose=1
/usr/bin/clang   -DHAS_WERROR    CMakeFiles/cmTC_907a0.dir/src.c.o  -o cmTC_907a0 -rdynamic 
make[1]: Leaving directory '/home/vignesh/Desktop/Lookahead_Testing/syscall_intercept/build/CMakeFiles/CMakeTmp'

Source file was:
int main(void) { return 0; }
Performing C SOURCE FILE Test HAS_WALL succeeded with the following output:
Change Dir: /home/vignesh/Desktop/Lookahead_Testing/syscall_intercept/build/CMakeFiles/CMakeTmp

Run Build Command:"/usr/bin/make" "cmTC_0e8dc/fast"
/usr/bin/make -f CMakeFiles/cmTC_0e8dc.dir/build.make CMakeFiles/cmTC_0e8dc.dir/build
make[1]: Entering directory '/home/vignesh/Desktop/Lookahead_Testing/syscall_intercept/build/CMakeFiles/CMakeTmp'
Building C object CMakeFiles/cmTC_0e8dc.dir/src.c.o
/usr/bin/clang    -DHAS_WALL   -Wall -o CMakeFiles/cmTC_0e8dc.dir/src.c.o   -c /home/vignesh/Desktop/Lookahead_Testing/syscall_intercept/build/CMakeFiles/CMakeTmp/src.c
Linking C executable cmTC_0e8dc
/usr/bin/cmake -E cmake_link_script CMakeFiles/cmTC_0e8dc.dir/link.txt --verbose=1
/usr/bin/clang   -DHAS_WALL    CMakeFiles/cmTC_0e8dc.dir/src.c.o  -o cmTC_0e8dc -rdynamic 
make[1]: Leaving directory '/home/vignesh/Desktop/Lookahead_Testing/syscall_intercept/build/CMakeFiles/CMakeTmp'

Source file was:
int main(void) { return 0; }
Performing C SOURCE FILE Test HAS_WEXTRA succeeded with the following output:
Change Dir: /home/vignesh/Desktop/Lookahead_Testing/syscall_intercept/build/CMakeFiles/CMakeTmp

Run Build Command:"/usr/bin/make" "cmTC_41051/fast"
/usr/bin/make -f CMakeFiles/cmTC_41051.dir/build.make CMakeFiles/cmTC_41051.dir/build
make[1]: Entering directory '/home/vignesh/Desktop/Lookahead_Testing/syscall_intercept/build/CMakeFiles/CMakeTmp'
Building C object CMakeFiles/cmTC_41051.dir/src.c.o
/usr/bin/clang    -DHAS_WEXTRA   -Wextra -o CMakeFiles/cmTC_41051.dir/src.c.o   -c /home/vignesh/Desktop/Lookahead_Testing/syscall_intercept/build/CMakeFiles/CMakeTmp/src.c
Linking C executable cmTC_41051
/usr/bin/cmake -E cmake_link_script CMakeFiles/cmTC_41051.dir/link.txt --verbose=1
/usr/bin/clang   -DHAS_WEXTRA    CMakeFiles/cmTC_41051.dir/src.c.o  -o cmTC_41051 -rdynamic 
make[1]: Leaving directory '/home/vignesh/Desktop/Lookahead_Testing/syscall_intercept/build/CMakeFiles/CMakeTmp'

Source file was:
int main(void) { return 0; }
Performing C SOURCE FILE Test HAS_PEDANTIC succeeded with the following output:
Change Dir: /home/vignesh/Desktop/Lookahead_Testing/syscall_intercept/build/CMakeFiles/CMakeTmp

Run Build Command:"/usr/bin/make" "cmTC_bb6c0/fast"
/usr/bin/make -f CMakeFiles/cmTC_bb6c0.dir/build.make CMakeFiles/cmTC_bb6c0.dir/build
make[1]: Entering directory '/home/vignesh/Desktop/Lookahead_Testing/syscall_intercept/build/CMakeFiles/CMakeTmp'
Building C object CMakeFiles/cmTC_bb6c0.dir/src.c.o
/usr/bin/clang    -DHAS_PEDANTIC   -pedantic -o CMakeFiles/cmTC_bb6c0.dir/src.c.o   -c /home/vignesh/Desktop/Lookahead_Testing/syscall_intercept/build/CMakeFiles/CMakeTmp/src.c
Linking C executable cmTC_bb6c0
/usr/bin/cmake -E cmake_link_script CMakeFiles/cmTC_bb6c0.dir/link.txt --verbose=1
/usr/bin/clang   -DHAS_PEDANTIC    CMakeFiles/cmTC_bb6c0.dir/src.c.o  -o cmTC_bb6c0 -rdynamic 
make[1]: Leaving directory '/home/vignesh/Desktop/Lookahead_Testing/syscall_intercept/build/CMakeFiles/CMakeTmp'

Source file was:
int main(void) { return 0; }
Performing C SOURCE FILE Test HAS_NOMFI succeeded with the following output:
Change Dir: /home/vignesh/Desktop/Lookahead_Testing/syscall_intercept/build/CMakeFiles/CMakeTmp

Run Build Command:"/usr/bin/make" "cmTC_7bb4d/fast"
/usr/bin/make -f CMakeFiles/cmTC_7bb4d.dir/build.make CMakeFiles/cmTC_7bb4d.dir/build
make[1]: Entering directory '/home/vignesh/Desktop/Lookahead_Testing/syscall_intercept/build/CMakeFiles/CMakeTmp'
Building C object CMakeFiles/cmTC_7bb4d.dir/src.c.o
/usr/bin/clang    -DHAS_NOMFI   -Wno-missing-field-initializers -o CMakeFiles/cmTC_7bb4d.dir/src.c.o   -c /home/vignesh/Desktop/Lookahead_Testing/syscall_intercept/build/CMakeFiles/CMakeTmp/src.c
Linking C executable cmTC_7bb4d
/usr/bin/cmake -E cmake_link_script CMakeFiles/cmTC_7bb4d.dir/link.txt --verbose=1
/usr/bin/clang   -DHAS_NOMFI    CMakeFiles/cmTC_7bb4d.dir/src.c.o  -o cmTC_7bb4d -rdynamic 
make[1]: Leaving directory '/home/vignesh/Desktop/Lookahead_Testing/syscall_intercept/build/CMakeFiles/CMakeTmp'

Source file was:
int main(void) { return 0; }
Performing C SOURCE FILE Test LINKER_HAS_NOSTDLIB succeeded with the following output:
Change Dir: /home/vignesh/Desktop/Lookahead_Testing/syscall_intercept/build/CMakeFiles/CMakeTmp

Run Build Command:"/usr/bin/make" "cmTC_2e35b/fast"
/usr/bin/make -f CMakeFiles/cmTC_2e35b.dir/build.make CMakeFiles/cmTC_2e35b.dir/build
make[1]: Entering directory '/home/vignesh/Desktop/Lookahead_Testing/syscall_intercept/build/CMakeFiles/CMakeTmp'
Building C object CMakeFiles/cmTC_2e35b.dir/src.c.o
/usr/bin/clang    -DLINKER_HAS_NOSTDLIB   -Wl,-nostdlib -o CMakeFiles/cmTC_2e35b.dir/src.c.o   -c /home/vignesh/Desktop/Lookahead_Testing/syscall_intercept/build/CMakeFiles/CMakeTmp/src.c
clang: warning: -Wl,-nostdlib: 'linker' input unused [-Wunused-command-line-argument]
Linking C executable cmTC_2e35b
/usr/bin/cmake -E cmake_link_script CMakeFiles/cmTC_2e35b.dir/link.txt --verbose=1
/usr/bin/clang   -DLINKER_HAS_NOSTDLIB    CMakeFiles/cmTC_2e35b.dir/src.c.o  -o cmTC_2e35b -rdynamic 
make[1]: Leaving directory '/home/vignesh/Desktop/Lookahead_Testing/syscall_intercept/build/CMakeFiles/CMakeTmp'

Source file was:
int main(void) { return 0; }
Performing C SOURCE FILE Test HAS_WLFATAL succeeded with the following output:
Change Dir: /home/vignesh/Desktop/Lookahead_Testing/syscall_intercept/build/CMakeFiles/CMakeTmp

Run Build Command:"/usr/bin/make" "cmTC_efee1/fast"
/usr/bin/make -f CMakeFiles/cmTC_efee1.dir/build.make CMakeFiles/cmTC_efee1.dir/build
make[1]: Entering directory '/home/vignesh/Desktop/Lookahead_Testing/syscall_intercept/build/CMakeFiles/CMakeTmp'
Building C object CMakeFiles/cmTC_efee1.dir/src.c.o
/usr/bin/clang    -DHAS_WLFATAL   -Wl,--fatal-warnings -o CMakeFiles/cmTC_efee1.dir/src.c.o   -c /home/vignesh/Desktop/Lookahead_Testing/syscall_intercept/build/CMakeFiles/CMakeTmp/src.c
clang: warning: -Wl,--fatal-warnings: 'linker' input unused [-Wunused-command-line-argument]
Linking C executable cmTC_efee1
/usr/bin/cmake -E cmake_link_script CMakeFiles/cmTC_efee1.dir/link.txt --verbose=1
/usr/bin/clang   -DHAS_WLFATAL    CMakeFiles/cmTC_efee1.dir/src.c.o  -o cmTC_efee1 -rdynamic 
make[1]: Leaving directory '/home/vignesh/Desktop/Lookahead_Testing/syscall_intercept/build/CMakeFiles/CMakeTmp'

Source file was:
int main(void) { return 0; }
Performing C SOURCE FILE Test HAS_NOUNUSEDARG succeeded with the following output:
Change Dir: /home/vignesh/Desktop/Lookahead_Testing/syscall_intercept/build/CMakeFiles/CMakeTmp

Run Build Command:"/usr/bin/make" "cmTC_3e5a1/fast"
/usr/bin/make -f CMakeFiles/cmTC_3e5a1.dir/build.make CMakeFiles/cmTC_3e5a1.dir/build
make[1]: Entering directory '/home/vignesh/Desktop/Lookahead_Testing/syscall_intercept/build/CMakeFiles/CMakeTmp'
Building C object CMakeFiles/cmTC_3e5a1.dir/src.c.o
/usr/bin/clang    -DHAS_NOUNUSEDARG   -Wno-unused-command-line-argument -o CMakeFiles/cmTC_3e5a1.dir/src.c.o   -c /home/vignesh/Desktop/Lookahead_Testing/syscall_intercept/build/CMakeFiles/CMakeTmp/src.c
Linking C executable cmTC_3e5a1
/usr/bin/cmake -E cmake_link_script CMakeFiles/cmTC_3e5a1.dir/link.txt --verbose=1
/usr/bin/clang   -DHAS_NOUNUSEDARG    CMakeFiles/cmTC_3e5a1.dir/src.c.o  -o cmTC_3e5a1 -rdynamic 
make[1]: Leaving directory '/home/vignesh/Desktop/Lookahead_Testing/syscall_intercept/build/CMakeFiles/CMakeTmp'

Source file was:
int main(void) { return 0; }
Performing C SOURCE FILE Test HAS_ARG_PIE succeeded with the following output:
Change Dir: /home/vignesh/Desktop/Lookahead_Testing/syscall_intercept/build/CMakeFiles/CMakeTmp

Run Build Command:"/usr/bin/make" "cmTC_74cea/fast"
/usr/bin/make -f CMakeFiles/cmTC_74cea.dir/build.make CMakeFiles/cmTC_74cea.dir/build
make[1]: Entering directory '/home/vignesh/Desktop/Lookahead_Testing/syscall_intercept/build/CMakeFiles/CMakeTmp'
Building C object CMakeFiles/cmTC_74cea.dir/src.c.o
/usr/bin/clang    -DHAS_ARG_PIE   -pie -o CMakeFiles/cmTC_74cea.dir/src.c.o   -c /home/vignesh/Desktop/Lookahead_Testing/syscall_intercept/build/CMakeFiles/CMakeTmp/src.c
clang: warning: argument unused during compilation: '-pie' [-Wunused-command-line-argument]
Linking C executable cmTC_74cea
/usr/bin/cmake -E cmake_link_script CMakeFiles/cmTC_74cea.dir/link.txt --verbose=1
/usr/bin/clang   -DHAS_ARG_PIE    CMakeFiles/cmTC_74cea.dir/src.c.o  -o cmTC_74cea -rdynamic 
make[1]: Leaving directory '/home/vignesh/Desktop/Lookahead_Testing/syscall_intercept/build/CMakeFiles/CMakeTmp'

Source file was:
int main(void) { return 0; }
Performing C SOURCE FILE Test HAS_ARG_NOPIE succeeded with the following output:
Change Dir: /home/vignesh/Desktop/Lookahead_Testing/syscall_intercept/build/CMakeFiles/CMakeTmp

Run Build Command:"/usr/bin/make" "cmTC_6906f/fast"
/usr/bin/make -f CMakeFiles/cmTC_6906f.dir/build.make CMakeFiles/cmTC_6906f.dir/build
make[1]: Entering directory '/home/vignesh/Desktop/Lookahead_Testing/syscall_intercept/build/CMakeFiles/CMakeTmp'
Building C object CMakeFiles/cmTC_6906f.dir/src.c.o
/usr/bin/clang    -DHAS_ARG_NOPIE   -nopie -o CMakeFiles/cmTC_6906f.dir/src.c.o   -c /home/vignesh/Desktop/Lookahead_Testing/syscall_intercept/build/CMakeFiles/CMakeTmp/src.c
clang: warning: argument unused during compilation: '-nopie' [-Wunused-command-line-argument]
Linking C executable cmTC_6906f
/usr/bin/cmake -E cmake_link_script CMakeFiles/cmTC_6906f.dir/link.txt --verbose=1
/usr/bin/clang   -DHAS_ARG_NOPIE    CMakeFiles/cmTC_6906f.dir/src.c.o  -o cmTC_6906f -rdynamic 
make[1]: Leaving directory '/home/vignesh/Desktop/Lookahead_Testing/syscall_intercept/build/CMakeFiles/CMakeTmp'

Source file was:
int main(void) { return 0; }
Performing C SOURCE FILE Test HAS_ARG_NO_PIE succeeded with the following output:
Change Dir: /home/vignesh/Desktop/Lookahead_Testing/syscall_intercept/build/CMakeFiles/CMakeTmp

Run Build Command:"/usr/bin/make" "cmTC_49144/fast"
/usr/bin/make -f CMakeFiles/cmTC_49144.dir/build.make CMakeFiles/cmTC_49144.dir/build
make[1]: Entering directory '/home/vignesh/Desktop/Lookahead_Testing/syscall_intercept/build/CMakeFiles/CMakeTmp'
Building C object CMakeFiles/cmTC_49144.dir/src.c.o
/usr/bin/clang    -DHAS_ARG_NO_PIE   -no-pie -o CMakeFiles/cmTC_49144.dir/src.c.o   -c /home/vignesh/Desktop/Lookahead_Testing/syscall_intercept/build/CMakeFiles/CMakeTmp/src.c
clang: warning: argument unused during compilation: '-nopie' [-Wunused-command-line-argument]
Linking C executable cmTC_49144
/usr/bin/cmake -E cmake_link_script CMakeFiles/cmTC_49144.dir/link.txt --verbose=1
/usr/bin/clang   -DHAS_ARG_NO_PIE    CMakeFiles/cmTC_49144.dir/src.c.o  -o cmTC_49144 -rdynamic 
make[1]: Leaving directory '/home/vignesh/Desktop/Lookahead_Testing/syscall_intercept/build/CMakeFiles/CMakeTmp'

Source file was:
int main(void) { return 0; }
Performing C SOURCE FILE Test HAS_GCC_ATTR_CONSTR succeeded with the following output:
Change Dir: /home/vignesh/Desktop/Lookahead_Testing/syscall_intercept/build/CMakeFiles/CMakeTmp

Run Build Command:"/usr/bin/make" "cmTC_dcc1a/fast"
/usr/bin/make -f CMakeFiles/cmTC_dcc1a.dir/build.make CMakeFiles/cmTC_dcc1a.dir/build
make[1]: Entering directory '/home/vignesh/Desktop/Lookahead_Testing/syscall_intercept/build/CMakeFiles/CMakeTmp'
Building C object CMakeFiles/cmTC_dcc1a.dir/src.c.o
/usr/bin/clang    -Werror -Wall -Wextra -pedantic -Wno-missing-field-initializers -DHAS_GCC_ATTR_CONSTR   -o CMakeFiles/cmTC_dcc1a.dir/src.c.o   -c /home/vignesh/Desktop/Lookahead_Testing/syscall_intercept/build/CMakeFiles/CMakeTmp/src.c
Linking C executable cmTC_dcc1a
/usr/bin/cmake -E cmake_link_script CMakeFiles/cmTC_dcc1a.dir/link.txt --verbose=1
/usr/bin/clang   -Werror -Wall -Wextra -pedantic -Wno-missing-field-initializers -DHAS_GCC_ATTR_CONSTR    CMakeFiles/cmTC_dcc1a.dir/src.c.o  -o cmTC_dcc1a -rdynamic 
make[1]: Leaving directory '/home/vignesh/Desktop/Lookahead_Testing/syscall_intercept/build/CMakeFiles/CMakeTmp'

Source file was:

static __attribute__((constructor)) void
entry_point(void) {}

int main(void) { return 0; }

Performing C SOURCE FILE Test HAS_GCC_PRAGMA_SYSH succeeded with the following output:
Change Dir: /home/vignesh/Desktop/Lookahead_Testing/syscall_intercept/build/CMakeFiles/CMakeTmp

Run Build Command:"/usr/bin/make" "cmTC_9b586/fast"
/usr/bin/make -f CMakeFiles/cmTC_9b586.dir/build.make CMakeFiles/cmTC_9b586.dir/build
make[1]: Entering directory '/home/vignesh/Desktop/Lookahead_Testing/syscall_intercept/build/CMakeFiles/CMakeTmp'
Building C object CMakeFiles/cmTC_9b586.dir/src.c.o
/usr/bin/clang   -I/home/vignesh/Desktop/Lookahead_Testing/syscall_intercept/cmake  -Werror -Wall -Wextra -pedantic -Wno-missing-field-initializers -DHAS_GCC_PRAGMA_SYSH   -o CMakeFiles/cmTC_9b586.dir/src.c.o   -c /home/vignesh/Desktop/Lookahead_Testing/syscall_intercept/build/CMakeFiles/CMakeTmp/src.c
Linking C executable cmTC_9b586
/usr/bin/cmake -E cmake_link_script CMakeFiles/cmTC_9b586.dir/link.txt --verbose=1
/usr/bin/clang   -Werror -Wall -Wextra -pedantic -Wno-missing-field-initializers -DHAS_GCC_PRAGMA_SYSH    CMakeFiles/cmTC_9b586.dir/src.c.o  -o cmTC_9b586 -rdynamic 
make[1]: Leaving directory '/home/vignesh/Desktop/Lookahead_Testing/syscall_intercept/build/CMakeFiles/CMakeTmp'

Source file was:

#include "test_header.h"

int main(void) { return 0; }

Determining if files elf.h exist passed with the following output:
Change Dir: /home/vignesh/Desktop/Lookahead_Testing/syscall_intercept/build/CMakeFiles/CMakeTmp

Run Build Command:"/usr/bin/make" "cmTC_44ff6/fast"
/usr/bin/make -f CMakeFiles/cmTC_44ff6.dir/build.make CMakeFiles/cmTC_44ff6.dir/build
make[1]: Entering directory '/home/vignesh/Desktop/Lookahead_Testing/syscall_intercept/build/CMakeFiles/CMakeTmp'
Building C object CMakeFiles/cmTC_44ff6.dir/CheckIncludeFiles.c.o
/usr/bin/clang    -Werror -Wall -Wextra -pedantic -Wno-missing-field-initializers    -o CMakeFiles/cmTC_44ff6.dir/CheckIncludeFiles.c.o   -c /home/vignesh/Desktop/Lookahead_Testing/syscall_intercept/build/CMakeFiles/CMakeTmp/CheckIncludeFiles.c
Linking C executable cmTC_44ff6
/usr/bin/cmake -E cmake_link_script CMakeFiles/cmTC_44ff6.dir/link.txt --verbose=1
/usr/bin/clang   -Werror -Wall -Wextra -pedantic -Wno-missing-field-initializers     CMakeFiles/cmTC_44ff6.dir/CheckIncludeFiles.c.o  -o cmTC_44ff6 -rdynamic 
make[1]: Leaving directory '/home/vignesh/Desktop/Lookahead_Testing/syscall_intercept/build/CMakeFiles/CMakeTmp'


Determining if the function dladdr exists passed with the following output:
Change Dir: /home/vignesh/Desktop/Lookahead_Testing/syscall_intercept/build/CMakeFiles/CMakeTmp

Run Build Command:"/usr/bin/make" "cmTC_12e66/fast"
/usr/bin/make -f CMakeFiles/cmTC_12e66.dir/build.make CMakeFiles/cmTC_12e66.dir/build
make[1]: Entering directory '/home/vignesh/Desktop/Lookahead_Testing/syscall_intercept/build/CMakeFiles/CMakeTmp'
Building C object CMakeFiles/cmTC_12e66.dir/CheckFunctionExists.c.o
/usr/bin/clang    -Werror -Wall -Wextra -pedantic -Wno-missing-field-initializers -DCHECK_FUNCTION_EXISTS=dladdr   -o CMakeFiles/cmTC_12e66.dir/CheckFunctionExists.c.o   -c /usr/share/cmake-3.5/Modules/CheckFunctionExists.c
Linking C executable cmTC_12e66
/usr/bin/cmake -E cmake_link_script CMakeFiles/cmTC_12e66.dir/link.txt --verbose=1
/usr/bin/clang   -Werror -Wall -Wextra -pedantic -Wno-missing-field-initializers -DCHECK_FUNCTION_EXISTS=dladdr    CMakeFiles/cmTC_12e66.dir/CheckFunctionExists.c.o  -o cmTC_12e66 -rdynamic -ldl 
make[1]: Leaving directory '/home/vignesh/Desktop/Lookahead_Testing/syscall_intercept/build/CMakeFiles/CMakeTmp'


Determining if the include file pthread.h exists passed with the following output:
Change Dir: /home/vignesh/Desktop/Lookahead_Testing/syscall_intercept/build/CMakeFiles/CMakeTmp

Run Build Command:"/usr/bin/make" "cmTC_c2fbd/fast"
/usr/bin/make -f CMakeFiles/cmTC_c2fbd.dir/build.make CMakeFiles/cmTC_c2fbd.dir/build
make[1]: Entering directory '/home/vignesh/Desktop/Lookahead_Testing/syscall_intercept/build/CMakeFiles/CMakeTmp'
Building C object CMakeFiles/cmTC_c2fbd.dir/CheckIncludeFile.c.o
/usr/bin/clang    -Werror -Wall -Wextra -pedantic -Wno-missing-field-initializers  -fPIE   -o CMakeFiles/cmTC_c2fbd.dir/CheckIncludeFile.c.o   -c /home/vignesh/Desktop/Lookahead_Testing/syscall_intercept/build/CMakeFiles/CMakeTmp/CheckIncludeFile.c
Linking C executable cmTC_c2fbd
/usr/bin/cmake -E cmake_link_script CMakeFiles/cmTC_c2fbd.dir/link.txt --verbose=1
/usr/bin/clang   -Werror -Wall -Wextra -pedantic -Wno-missing-field-initializers     CMakeFiles/cmTC_c2fbd.dir/CheckIncludeFile.c.o  -o cmTC_c2fbd -rdynamic 
make[1]: Leaving directory '/home/vignesh/Desktop/Lookahead_Testing/syscall_intercept/build/CMakeFiles/CMakeTmp'


Determining if the function pthread_create exists in the pthread passed with the following output:
Change Dir: /home/vignesh/Desktop/Lookahead_Testing/syscall_intercept/build/CMakeFiles/CMakeTmp

Run Build Command:"/usr/bin/make" "cmTC_d2252/fast"
/usr/bin/make -f CMakeFiles/cmTC_d2252.dir/build.make CMakeFiles/cmTC_d2252.dir/build
make[1]: Entering directory '/home/vignesh/Desktop/Lookahead_Testing/syscall_intercept/build/CMakeFiles/CMakeTmp'
Building C object CMakeFiles/cmTC_d2252.dir/CheckFunctionExists.c.o
/usr/bin/clang    -Werror -Wall -Wextra -pedantic -Wno-missing-field-initializers -DCHECK_FUNCTION_EXISTS=pthread_create -fPIE   -o CMakeFiles/cmTC_d2252.dir/CheckFunctionExists.c.o   -c /usr/share/cmake-3.5/Modules/CheckFunctionExists.c
Linking C executable cmTC_d2252
/usr/bin/cmake -E cmake_link_script CMakeFiles/cmTC_d2252.dir/link.txt --verbose=1
/usr/bin/clang   -Werror -Wall -Wextra -pedantic -Wno-missing-field-initializers -DCHECK_FUNCTION_EXISTS=pthread_create    CMakeFiles/cmTC_d2252.dir/CheckFunctionExists.c.o  -o cmTC_d2252 -rdynamic -lpthread 
make[1]: Leaving directory '/home/vignesh/Desktop/Lookahead_Testing/syscall_intercept/build/CMakeFiles/CMakeTmp'


